# JRE version: Java(TM) SE Runtime Environment (8.0_191-b12) (build 1.8.0_191-b12)
# Java VM: Java HotSpot(TM) Client VM (25.191-b12 mixed mode windows-x86 )
Heap:
 def new generation   total 105280K, used 7243K [0x05400000, 0x0c630000, 0x0fea0000)
  eden space 93632K,   7% used [0x05400000, 0x05b12cc8, 0x0af70000)
  from space 11648K,   0% used [0x0af70000, 0x0af70000, 0x0bad0000)
  to   space 11648K,   0% used [0x0bad0000, 0x0bad0000, 0x0c630000)
 tenured generation   total 233776K, used 140264K [0x0fea0000, 0x1e2ec000, 0x25400000)
   the space 233776K,  59% used [0x0fea0000, 0x1879a160, 0x1879a200, 0x1e2ec000)
 Metaspace       used 22244K, capacity 22797K, committed 22912K, reserved 22912K
GC Heap History (10 events):
Event: 3794.191 GC heap before
{Heap before GC invocations=28 (full 3):
 def new generation   total 66944K, used 66944K [0x05400000, 0x09ca0000, 0x0fea0000)
  eden space 59520K, 100% used [0x05400000, 0x08e20000, 0x08e20000)
  from space 7424K, 100% used [0x08e20000, 0x09560000, 0x09560000)
  to   space 7424K,   0% used [0x09560000, 0x09560000, 0x09ca0000)
 tenured generation   total 148620K, used 134574K [0x0fea0000, 0x18fc3000, 0x25400000)
   the space 148620K,  90% used [0x0fea0000, 0x1820b960, 0x1820ba00, 0x18fc3000)
 Metaspace       used 22246K, capacity 22802K, committed 22912K, reserved 22912K
Event: 3794.237 GC heap after
Heap after GC invocations=29 (full 3):
 def new generation   total 66944K, used 3132K [0x05400000, 0x09ca0000, 0x0fea0000)
  eden space 59520K,   0% used [0x05400000, 0x05400000, 0x08e20000)
  from space 7424K,  42% used [0x09560000, 0x0986f088, 0x09ca0000)
  to   space 7424K,   0% used [0x08e20000, 0x08e20000, 0x09560000)
 tenured generation   total 148620K, used 141723K [0x0fea0000, 0x18fc3000, 0x25400000)
   the space 148620K,  95% used [0x0fea0000, 0x18906eb8, 0x18907000, 0x18fc3000)
 Metaspace       used 22246K, capacity 22802K, committed 22912K, reserved 22912K
}
Event: 4009.950 GC heap before
{Heap before GC invocations=29 (full 3):
 def new generation   total 66944K, used 62652K [0x05400000, 0x09ca0000, 0x0fea0000)
  eden space 59520K, 100% used [0x05400000, 0x08e20000, 0x08e20000)
  from space 7424K,  42% used [0x09560000, 0x0986f088, 0x09ca0000)
  to   space 7424K,   0% used [0x08e20000, 0x08e20000, 0x09560000)
 tenured generation   total 148620K, used 141723K [0x0fea0000, 0x18fc3000, 0x25400000)
   the space 148620K,  95% used [0x0fea0000, 0x18906eb8, 0x18907000, 0x18fc3000)
 Metaspace       used 22246K, capacity 22802K, committed 22912K, reserved 22912K
Event: 4009.959 GC heap after
Heap after GC invocations=30 (full 3):
 def new generation   total 66944K, used 5470K [0x05400000, 0x09ca0000, 0x0fea0000)
  eden space 59520K,   0% used [0x05400000, 0x05400000, 0x08e20000)
  from space 7424K,  73% used [0x08e20000, 0x09377918, 0x09560000)
  to   space 7424K,   0% used [0x09560000, 0x09560000, 0x09ca0000)
 tenured generation   total 148620K, used 141723K [0x0fea0000, 0x18fc3000, 0x25400000)
   the space 148620K,  95% used [0x0fea0000, 0x18906eb8, 0x18907000, 0x18fc3000)
 Metaspace       used 22246K, capacity 22802K, committed 22912K, reserved 22912K
}
Event: 4439.404 GC heap before
{Heap before GC invocations=30 (full 3):
 def new generation   total 66944K, used 64990K [0x05400000, 0x09ca0000, 0x0fea0000)
  eden space 59520K, 100% used [0x05400000, 0x08e20000, 0x08e20000)
  from space 7424K,  73% used [0x08e20000, 0x09377918, 0x09560000)
  to   space 7424K,   0% used [0x09560000, 0x09560000, 0x09ca0000)
 tenured generation   total 148620K, used 141723K [0x0fea0000, 0x18fc3000, 0x25400000)
   the space 148620K,  95% used [0x0fea0000, 0x18906eb8, 0x18907000, 0x18fc3000)
 Metaspace       used 22246K, capacity 22802K, committed 22912K, reserved 22912K
Event: 4439.448 GC heap after
Heap after GC invocations=31 (full 3):
 def new generation   total 66944K, used 2909K [0x05400000, 0x09ca0000, 0x0fea0000)
  eden space 59520K,   0% used [0x05400000, 0x05400000, 0x08e20000)
  from space 7424K,  39% used [0x09560000, 0x098374d8, 0x09ca0000)
  to   space 7424K,   0% used [0x08e20000, 0x08e20000, 0x09560000)
 tenured generation   total 148620K, used 144269K [0x0fea0000, 0x18fc3000, 0x25400000)
   the space 148620K,  97% used [0x0fea0000, 0x18b83798, 0x18b83800, 0x18fc3000)
 Metaspace       used 22246K, capacity 22802K, committed 22912K, reserved 22912K
}
Event: 4722.844 GC heap before
{Heap before GC invocations=31 (full 3):
 def new generation   total 66944K, used 62429K [0x05400000, 0x09ca0000, 0x0fea0000)
  eden space 59520K, 100% used [0x05400000, 0x08e20000, 0x08e20000)
  from space 7424K,  39% used [0x09560000, 0x098374d8, 0x09ca0000)
  to   space 7424K,   0% used [0x08e20000, 0x08e20000, 0x09560000)
 tenured generation   total 148620K, used 144269K [0x0fea0000, 0x18fc3000, 0x25400000)
   the space 148620K,  97% used [0x0fea0000, 0x18b83798, 0x18b83800, 0x18fc3000)
 Metaspace       used 22248K, capacity 22802K, committed 22912K, reserved 22912K
Event: 4722.930 GC heap after
Heap after GC invocations=32 (full 3):
 def new generation   total 66944K, used 7161K [0x05400000, 0x09ca0000, 0x0fea0000)
  eden space 59520K,   0% used [0x05400000, 0x05400000, 0x08e20000)
  from space 7424K,  96% used [0x08e20000, 0x0951e488, 0x09560000)
  to   space 7424K,   0% used [0x09560000, 0x09560000, 0x09ca0000)
 tenured generation   total 148620K, used 144269K [0x0fea0000, 0x18fc3000, 0x25400000)
   the space 148620K,  97% used [0x0fea0000, 0x18b83798, 0x18b83800, 0x18fc3000)
 Metaspace       used 22248K, capacity 22802K, committed 22912K, reserved 22912K
}
Event: 4724.590 GC heap before
{Heap before GC invocations=32 (full 3):
 def new generation   total 66944K, used 62257K [0x05400000, 0x09ca0000, 0x0fea0000)
  eden space 59520K,  92% used [0x05400000, 0x089ce108, 0x08e20000)
  from space 7424K,  96% used [0x08e20000, 0x0951e488, 0x09560000)
  to   space 7424K,   0% used [0x09560000, 0x09560000, 0x09ca0000)
 tenured generation   total 148620K, used 144269K [0x0fea0000, 0x18fc3000, 0x25400000)
   the space 148620K,  97% used [0x0fea0000, 0x18b83798, 0x18b83800, 0x18fc3000)
 Metaspace       used 22248K, capacity 22802K, committed 22912K, reserved 22912K
Event: 4725.780 GC heap after
Heap after GC invocations=33 (full 4):
 def new generation   total 105280K, used 0K [0x05400000, 0x0c630000, 0x0fea0000)
  eden space 93632K,   0% used [0x05400000, 0x05400000, 0x0af70000)
  from space 11648K,   0% used [0x0af70000, 0x0af70000, 0x0bad0000)
  to   space 11648K,   0% used [0x0bad0000, 0x0bad0000, 0x0c630000)
 tenured generation   total 233776K, used 140264K [0x0fea0000, 0x1e2ec000, 0x25400000)
   the space 233776K,  59% used [0x0fea0000, 0x1879a160, 0x1879a200, 0x1e2ec000)
 Metaspace       used 22244K, capacity 22797K, committed 22912K, reserved 22912K
}

